# JRE version: Java(TM) SE Runtime Environment (8.0_102-b14) (build 1.8.0_102-b14)
# Java VM: Java HotSpot(TM) 64-Bit Server VM (25.102-b14 mixed mode windows-amd64 compressed oops)
Heap:
 PSYoungGen      total 530944K, used 203437K [0x00000000d5e00000, 0x00000000f8c00000, 0x0000000100000000)
  eden space 527360K, 38% used [0x00000000d5e00000,0x00000000e249b680,0x00000000f6100000)
  from space 3584K, 1% used [0x00000000f8880000,0x00000000f8890000,0x00000000f8c00000)
  to   space 22016K, 0% used [0x00000000f6100000,0x00000000f6100000,0x00000000f7680000)
 ParOldGen       total 129536K, used 80710K [0x0000000081a00000, 0x0000000089880000, 0x00000000d5e00000)
  object space 129536K, 62% used [0x0000000081a00000,0x00000000868d18f0,0x0000000089880000)
 Metaspace       used 10984K, capacity 11208K, committed 11520K, reserved 1058816K
  class space    used 1164K, capacity 1256K, committed 1280K, reserved 1048576K
GC Heap History (10 events):
Event: 1377.610 GC heap before
{Heap before GC invocations=9 (full 1):
 PSYoungGen      total 242176K, used 220516K [0x00000000d5e00000, 0x00000000eee80000, 0x0000000100000000)
  eden space 215552K, 100% used [0x00000000d5e00000,0x00000000e3080000,0x00000000e3080000)
  from space 26624K, 18% used [0x00000000e3080000,0x00000000e3559060,0x00000000e4a80000)
  to   space 25088K, 0% used [0x00000000ed600000,0x00000000ed600000,0x00000000eee80000)
 ParOldGen       total 129536K, used 75786K [0x0000000081a00000, 0x0000000089880000, 0x00000000d5e00000)
  object space 129536K, 58% used [0x0000000081a00000,0x0000000086402930,0x0000000089880000)
 Metaspace       used 10670K, capacity 10896K, committed 11008K, reserved 1058816K
  class space    used 1148K, capacity 1220K, committed 1280K, reserved 1048576K
Event: 1377.700 GC heap after
Heap after GC invocations=9 (full 1):
 PSYoungGen      total 355328K, used 64K [0x00000000d5e00000, 0x00000000edf80000, 0x0000000100000000)
  eden space 345600K, 0% used [0x00000000d5e00000,0x00000000d5e00000,0x00000000eaf80000)
  from space 9728K, 0% used [0x00000000ed600000,0x00000000ed610000,0x00000000edf80000)
  to   space 24576K, 0% used [0x00000000eaf80000,0x00000000eaf80000,0x00000000ec780000)
 ParOldGen       total 129536K, used 80646K [0x0000000081a00000, 0x0000000089880000, 0x00000000d5e00000)
  object space 129536K, 62% used [0x0000000081a00000,0x00000000868c18f0,0x0000000089880000)
 Metaspace       used 10670K, capacity 10896K, committed 11008K, reserved 1058816K
  class space    used 1148K, capacity 1220K, committed 1280K, reserved 1048576K
}
Event: 1815.440 GC heap before
{Heap before GC invocations=10 (full 1):
 PSYoungGen      total 355328K, used 345664K [0x00000000d5e00000, 0x00000000edf80000, 0x0000000100000000)
  eden space 345600K, 100% used [0x00000000d5e00000,0x00000000eaf80000,0x00000000eaf80000)
  from space 9728K, 0% used [0x00000000ed600000,0x00000000ed610000,0x00000000edf80000)
  to   space 24576K, 0% used [0x00000000eaf80000,0x00000000eaf80000,0x00000000ec780000)
 ParOldGen       total 129536K, used 80646K [0x0000000081a00000, 0x0000000089880000, 0x00000000d5e00000)
  object space 129536K, 62% used [0x0000000081a00000,0x00000000868c18f0,0x0000000089880000)
 Metaspace       used 10670K, capacity 10896K, committed 11008K, reserved 1058816K
  class space    used 1148K, capacity 1220K, committed 1280K, reserved 1048576K
Event: 1815.441 GC heap after
Heap after GC invocations=10 (full 1):
 PSYoungGen      total 370176K, used 96K [0x00000000d5e00000, 0x00000000f4a80000, 0x0000000100000000)
  eden space 345600K, 0% used [0x00000000d5e00000,0x00000000d5e00000,0x00000000eaf80000)
  from space 24576K, 0% used [0x00000000eaf80000,0x00000000eaf98000,0x00000000ec780000)
  to   space 24064K, 0% used [0x00000000f3300000,0x00000000f3300000,0x00000000f4a80000)
 ParOldGen       total 129536K, used 80662K [0x0000000081a00000, 0x0000000089880000, 0x00000000d5e00000)
  object space 129536K, 62% used [0x0000000081a00000,0x00000000868c58f0,0x0000000089880000)
 Metaspace       used 10670K, capacity 10896K, committed 11008K, reserved 1058816K
  class space    used 1148K, capacity 1220K, committed 1280K, reserved 1048576K
}
Event: 2233.316 GC heap before
{Heap before GC invocations=11 (full 1):
 PSYoungGen      total 370176K, used 345696K [0x00000000d5e00000, 0x00000000f4a80000, 0x0000000100000000)
  eden space 345600K, 100% used [0x00000000d5e00000,0x00000000eaf80000,0x00000000eaf80000)
  from space 24576K, 0% used [0x00000000eaf80000,0x00000000eaf98000,0x00000000ec780000)
  to   space 24064K, 0% used [0x00000000f3300000,0x00000000f3300000,0x00000000f4a80000)
 ParOldGen       total 129536K, used 80662K [0x0000000081a00000, 0x0000000089880000, 0x00000000d5e00000)
  object space 129536K, 62% used [0x0000000081a00000,0x00000000868c58f0,0x0000000089880000)
 Metaspace       used 10682K, capacity 10896K, committed 11008K, reserved 1058816K
  class space    used 1148K, capacity 1220K, committed 1280K, reserved 1048576K
Event: 2233.317 GC heap after
Heap after GC invocations=11 (full 1):
 PSYoungGen      total 449536K, used 96K [0x00000000d5e00000, 0x00000000f3b00000, 0x0000000100000000)
  eden space 441344K, 0% used [0x00000000d5e00000,0x00000000d5e00000,0x00000000f0d00000)
  from space 8192K, 1% used [0x00000000f3300000,0x00000000f3318000,0x00000000f3b00000)
  to   space 23552K, 0% used [0x00000000f0d00000,0x00000000f0d00000,0x00000000f2400000)
 ParOldGen       total 129536K, used 80694K [0x0000000081a00000, 0x0000000089880000, 0x00000000d5e00000)
  object space 129536K, 62% used [0x0000000081a00000,0x00000000868cd8f0,0x0000000089880000)
 Metaspace       used 10682K, capacity 10896K, committed 11008K, reserved 1058816K
  class space    used 1148K, capacity 1220K, committed 1280K, reserved 1048576K
}
Event: 2750.563 GC heap before
{Heap before GC invocations=12 (full 1):
 PSYoungGen      total 449536K, used 441440K [0x00000000d5e00000, 0x00000000f3b00000, 0x0000000100000000)
  eden space 441344K, 100% used [0x00000000d5e00000,0x00000000f0d00000,0x00000000f0d00000)
  from space 8192K, 1% used [0x00000000f3300000,0x00000000f3318000,0x00000000f3b00000)
  to   space 23552K, 0% used [0x00000000f0d00000,0x00000000f0d00000,0x00000000f2400000)
 ParOldGen       total 129536K, used 80694K [0x0000000081a00000, 0x0000000089880000, 0x00000000d5e00000)
  object space 129536K, 62% used [0x0000000081a00000,0x00000000868cd8f0,0x0000000089880000)
 Metaspace       used 10690K, capacity 10896K, committed 11008K, reserved 1058816K
  class space    used 1148K, capacity 1220K, committed 1280K, reserved 1048576K
Event: 2750.565 GC heap after
Heap after GC invocations=12 (full 1):
 PSYoungGen      total 464896K, used 128K [0x00000000d5e00000, 0x00000000f9f00000, 0x0000000100000000)
  eden space 441344K, 0% used [0x00000000d5e00000,0x00000000d5e00000,0x00000000f0d00000)
  from space 23552K, 0% used [0x00000000f0d00000,0x00000000f0d20000,0x00000000f2400000)
  to   space 23040K, 0% used [0x00000000f8880000,0x00000000f8880000,0x00000000f9f00000)
 ParOldGen       total 129536K, used 80702K [0x0000000081a00000, 0x0000000089880000, 0x00000000d5e00000)
  object space 129536K, 62% used [0x0000000081a00000,0x00000000868cf8f0,0x0000000089880000)
 Metaspace       used 10690K, capacity 10896K, committed 11008K, reserved 1058816K
  class space    used 1148K, capacity 1220K, committed 1280K, reserved 1048576K
}
Event: 3336.807 GC heap before
{Heap before GC invocations=13 (full 1):
 PSYoungGen      total 464896K, used 441472K [0x00000000d5e00000, 0x00000000f9f00000, 0x0000000100000000)
  eden space 441344K, 100% used [0x00000000d5e00000,0x00000000f0d00000,0x00000000f0d00000)
  from space 23552K, 0% used [0x00000000f0d00000,0x00000000f0d20000,0x00000000f2400000)
  to   space 23040K, 0% used [0x00000000f8880000,0x00000000f8880000,0x00000000f9f00000)
 ParOldGen       total 129536K, used 80702K [0x0000000081a00000, 0x0000000089880000, 0x00000000d5e00000)
  object space 129536K, 62% used [0x0000000081a00000,0x00000000868cf8f0,0x0000000089880000)
 Metaspace       used 10854K, capacity 11032K, committed 11264K, reserved 1058816K
  class space    used 1148K, capacity 1220K, committed 1280K, reserved 1048576K
Event: 3336.808 GC heap after
Heap after GC invocations=13 (full 1):
 PSYoungGen      total 530944K, used 64K [0x00000000d5e00000, 0x00000000f8c00000, 0x0000000100000000)
  eden space 527360K, 0% used [0x00000000d5e00000,0x00000000d5e00000,0x00000000f6100000)
  from space 3584K, 1% used [0x00000000f8880000,0x00000000f8890000,0x00000000f8c00000)
  to   space 22016K, 0% used [0x00000000f6100000,0x00000000f6100000,0x00000000f7680000)
 ParOldGen       total 129536K, used 80710K [0x0000000081a00000, 0x0000000089880000, 0x00000000d5e00000)
  object space 129536K, 62% used [0x0000000081a00000,0x00000000868d18f0,0x0000000089880000)
 Metaspace       used 10854K, capacity 11032K, committed 11264K, reserved 1058816K
  class space    used 1148K, capacity 1220K, committed 1280K, reserved 1048576K
}

