# JRE version: Java(TM) SE Runtime Environment (8.0_102-b14) (build 1.8.0_102-b14)
# Java VM: Java HotSpot(TM) 64-Bit Server VM (25.102-b14 mixed mode windows-amd64 compressed oops)
Heap:
 PSYoungGen      total 71680K, used 37382K [0x00000000d5e00000, 0x00000000da900000, 0x0000000100000000)
  eden space 66560K, 56% used [0x00000000d5e00000,0x00000000d8281890,0x00000000d9f00000)
  from space 5120K, 0% used [0x00000000da400000,0x00000000da400000,0x00000000da900000)
  to   space 5120K, 0% used [0x00000000d9f00000,0x00000000d9f00000,0x00000000da400000)
 ParOldGen       total 133632K, used 53001K [0x0000000081a00000, 0x0000000089c80000, 0x00000000d5e00000)
  object space 133632K, 39% used [0x0000000081a00000,0x0000000084dc2730,0x0000000089c80000)
 Metaspace       used 10544K, capacity 10742K, committed 11008K, reserved 1058816K
  class space    used 1122K, capacity 1189K, committed 1280K, reserved 1048576K
GC Heap History (6 events):
Event: 0.947 GC heap before
{Heap before GC invocations=1 (full 0):
 PSYoungGen      total 38400K, used 31620K [0x00000000d5e00000, 0x00000000d8880000, 0x0000000100000000)
  eden space 33280K, 95% used [0x00000000d5e00000,0x00000000d7ce13f8,0x00000000d7e80000)
  from space 5120K, 0% used [0x00000000d8380000,0x00000000d8380000,0x00000000d8880000)
  to   space 5120K, 0% used [0x00000000d7e80000,0x00000000d7e80000,0x00000000d8380000)
 ParOldGen       total 87552K, used 0K [0x0000000081a00000, 0x0000000086f80000, 0x00000000d5e00000)
  object space 87552K, 0% used [0x0000000081a00000,0x0000000081a00000,0x0000000086f80000)
 Metaspace       used 10058K, capacity 10280K, committed 10496K, reserved 1058816K
  class space    used 1090K, capacity 1188K, committed 1280K, reserved 1048576K
Event: 0.963 GC heap after
Heap after GC invocations=1 (full 0):
 PSYoungGen      total 38400K, used 5116K [0x00000000d5e00000, 0x00000000da900000, 0x0000000100000000)
  eden space 33280K, 0% used [0x00000000d5e00000,0x00000000d5e00000,0x00000000d7e80000)
  from space 5120K, 99% used [0x00000000d7e80000,0x00000000d837f368,0x00000000d8380000)
  to   space 5120K, 0% used [0x00000000da400000,0x00000000da400000,0x00000000da900000)
 ParOldGen       total 87552K, used 41785K [0x0000000081a00000, 0x0000000086f80000, 0x00000000d5e00000)
  object space 87552K, 47% used [0x0000000081a00000,0x00000000842ce610,0x0000000086f80000)
 Metaspace       used 10058K, capacity 10280K, committed 10496K, reserved 1058816K
  class space    used 1090K, capacity 1188K, committed 1280K, reserved 1048576K
}
Event: 0.969 GC heap before
{Heap before GC invocations=2 (full 0):
 PSYoungGen      total 38400K, used 37643K [0x00000000d5e00000, 0x00000000da900000, 0x0000000100000000)
  eden space 33280K, 97% used [0x00000000d5e00000,0x00000000d7dc39d8,0x00000000d7e80000)
  from space 5120K, 99% used [0x00000000d7e80000,0x00000000d837f368,0x00000000d8380000)
  to   space 5120K, 0% used [0x00000000da400000,0x00000000da400000,0x00000000da900000)
 ParOldGen       total 87552K, used 41785K [0x0000000081a00000, 0x0000000086f80000, 0x00000000d5e00000)
  object space 87552K, 47% used [0x0000000081a00000,0x00000000842ce610,0x0000000086f80000)
 Metaspace       used 10060K, capacity 10280K, committed 10496K, reserved 1058816K
  class space    used 1090K, capacity 1188K, committed 1280K, reserved 1048576K
Event: 0.985 GC heap after
Heap after GC invocations=2 (full 0):
 PSYoungGen      total 71680K, used 5116K [0x00000000d5e00000, 0x00000000da900000, 0x0000000100000000)
  eden space 66560K, 0% used [0x00000000d5e00000,0x00000000d5e00000,0x00000000d9f00000)
  from space 5120K, 99% used [0x00000000da400000,0x00000000da8ff368,0x00000000da900000)
  to   space 5120K, 0% used [0x00000000d9f00000,0x00000000d9f00000,0x00000000da400000)
 ParOldGen       total 87552K, used 72830K [0x0000000081a00000, 0x0000000086f80000, 0x00000000d5e00000)
  object space 87552K, 83% used [0x0000000081a00000,0x000000008611fac0,0x0000000086f80000)
 Metaspace       used 10060K, capacity 10280K, committed 10496K, reserved 1058816K
  class space    used 1090K, capacity 1188K, committed 1280K, reserved 1048576K
}
Event: 0.985 GC heap before
{Heap before GC invocations=3 (full 1):
 PSYoungGen      total 71680K, used 5116K [0x00000000d5e00000, 0x00000000da900000, 0x0000000100000000)
  eden space 66560K, 0% used [0x00000000d5e00000,0x00000000d5e00000,0x00000000d9f00000)
  from space 5120K, 99% used [0x00000000da400000,0x00000000da8ff368,0x00000000da900000)
  to   space 5120K, 0% used [0x00000000d9f00000,0x00000000d9f00000,0x00000000da400000)
 ParOldGen       total 87552K, used 72830K [0x0000000081a00000, 0x0000000086f80000, 0x00000000d5e00000)
  object space 87552K, 83% used [0x0000000081a00000,0x000000008611fac0,0x0000000086f80000)
 Metaspace       used 10060K, capacity 10280K, committed 10496K, reserved 1058816K
  class space    used 1090K, capacity 1188K, committed 1280K, reserved 1048576K
Event: 1.012 GC heap after
Heap after GC invocations=3 (full 1):
 PSYoungGen      total 71680K, used 0K [0x00000000d5e00000, 0x00000000da900000, 0x0000000100000000)
  eden space 66560K, 0% used [0x00000000d5e00000,0x00000000d5e00000,0x00000000d9f00000)
  from space 5120K, 0% used [0x00000000da400000,0x00000000da400000,0x00000000da900000)
  to   space 5120K, 0% used [0x00000000d9f00000,0x00000000d9f00000,0x00000000da400000)
 ParOldGen       total 133632K, used 53001K [0x0000000081a00000, 0x0000000089c80000, 0x00000000d5e00000)
  object space 133632K, 39% used [0x0000000081a00000,0x0000000084dc2730,0x0000000089c80000)
 Metaspace       used 10060K, capacity 10280K, committed 10496K, reserved 1058816K
  class space    used 1090K, capacity 1188K, committed 1280K, reserved 1048576K
}

