# JRE version: Java(TM) SE Runtime Environment (8.0_102-b14) (build 1.8.0_102-b14)
# Java VM: Java HotSpot(TM) 64-Bit Server VM (25.102-b14 mixed mode windows-amd64 compressed oops)
Heap:
 PSYoungGen      total 233472K, used 145886K [0x00000000d5e00000, 0x00000000eeb00000, 0x0000000100000000)
  eden space 201216K, 72% used [0x00000000d5e00000,0x00000000dec5f840,0x00000000e2280000)
  from space 32256K, 0% used [0x00000000e2280000,0x00000000e2298000,0x00000000e4200000)
  to   space 30208K, 0% used [0x00000000ecd80000,0x00000000ecd80000,0x00000000eeb00000)
 ParOldGen       total 187392K, used 80596K [0x0000000081a00000, 0x000000008d100000, 0x00000000d5e00000)
  object space 187392K, 43% used [0x0000000081a00000,0x00000000868b51d8,0x000000008d100000)
 Metaspace       used 10701K, capacity 10902K, committed 11264K, reserved 1058816K
  class space    used 1156K, capacity 1221K, committed 1280K, reserved 1048576K
GC Heap History (10 events):
Event: 53.481 GC heap before
{Heap before GC invocations=5 (full 2):
 PSYoungGen      total 71680K, used 5112K [0x00000000d5e00000, 0x00000000dd680000, 0x0000000100000000)
  eden space 66560K, 0% used [0x00000000d5e00000,0x00000000d5e00000,0x00000000d9f00000)
  from space 5120K, 99% used [0x00000000d9f00000,0x00000000da3fe0a0,0x00000000da400000)
  to   space 5120K, 0% used [0x00000000dd180000,0x00000000dd180000,0x00000000dd680000)
 ParOldGen       total 117760K, used 76167K [0x0000000081a00000, 0x0000000088d00000, 0x00000000d5e00000)
  object space 117760K, 64% used [0x0000000081a00000,0x0000000086461c08,0x0000000088d00000)
 Metaspace       used 10533K, capacity 10736K, committed 11008K, reserved 1058816K
  class space    used 1121K, capacity 1188K, committed 1280K, reserved 1048576K
Event: 53.532 GC heap after
Heap after GC invocations=5 (full 2):
 PSYoungGen      total 71680K, used 0K [0x00000000d5e00000, 0x00000000dd680000, 0x0000000100000000)
  eden space 66560K, 0% used [0x00000000d5e00000,0x00000000d5e00000,0x00000000d9f00000)
  from space 5120K, 0% used [0x00000000d9f00000,0x00000000d9f00000,0x00000000da400000)
  to   space 5120K, 0% used [0x00000000dd180000,0x00000000dd180000,0x00000000dd680000)
 ParOldGen       total 187392K, used 80596K [0x0000000081a00000, 0x000000008d100000, 0x00000000d5e00000)
  object space 187392K, 43% used [0x0000000081a00000,0x00000000868b51d8,0x000000008d100000)
 Metaspace       used 10533K, capacity 10736K, committed 11008K, reserved 1058816K
  class space    used 1121K, capacity 1188K, committed 1280K, reserved 1048576K
}
Event: 161.035 GC heap before
{Heap before GC invocations=6 (full 2):
 PSYoungGen      total 71680K, used 66560K [0x00000000d5e00000, 0x00000000dd680000, 0x0000000100000000)
  eden space 66560K, 100% used [0x00000000d5e00000,0x00000000d9f00000,0x00000000d9f00000)
  from space 5120K, 0% used [0x00000000d9f00000,0x00000000d9f00000,0x00000000da400000)
  to   space 5120K, 0% used [0x00000000dd180000,0x00000000dd180000,0x00000000dd680000)
 ParOldGen       total 187392K, used 80596K [0x0000000081a00000, 0x000000008d100000, 0x00000000d5e00000)
  object space 187392K, 43% used [0x0000000081a00000,0x00000000868b51d8,0x000000008d100000)
 Metaspace       used 10536K, capacity 10736K, committed 11008K, reserved 1058816K
  class space    used 1122K, capacity 1188K, committed 1280K, reserved 1048576K
Event: 161.037 GC heap after
Heap after GC invocations=6 (full 2):
 PSYoungGen      total 118272K, used 96K [0x00000000d5e00000, 0x00000000de100000, 0x0000000100000000)
  eden space 113152K, 0% used [0x00000000d5e00000,0x00000000d5e00000,0x00000000dcc80000)
  from space 5120K, 1% used [0x00000000dd180000,0x00000000dd198000,0x00000000dd680000)
  to   space 5120K, 0% used [0x00000000dcc80000,0x00000000dcc80000,0x00000000dd180000)
 ParOldGen       total 187392K, used 80596K [0x0000000081a00000, 0x000000008d100000, 0x00000000d5e00000)
  object space 187392K, 43% used [0x0000000081a00000,0x00000000868b51d8,0x000000008d100000)
 Metaspace       used 10536K, capacity 10736K, committed 11008K, reserved 1058816K
  class space    used 1122K, capacity 1188K, committed 1280K, reserved 1048576K
}
Event: 314.019 GC heap before
{Heap before GC invocations=7 (full 2):
 PSYoungGen      total 118272K, used 113248K [0x00000000d5e00000, 0x00000000de100000, 0x0000000100000000)
  eden space 113152K, 100% used [0x00000000d5e00000,0x00000000dcc80000,0x00000000dcc80000)
  from space 5120K, 1% used [0x00000000dd180000,0x00000000dd198000,0x00000000dd680000)
  to   space 5120K, 0% used [0x00000000dcc80000,0x00000000dcc80000,0x00000000dd180000)
 ParOldGen       total 187392K, used 80596K [0x0000000081a00000, 0x000000008d100000, 0x00000000d5e00000)
  object space 187392K, 43% used [0x0000000081a00000,0x00000000868b51d8,0x000000008d100000)
 Metaspace       used 10539K, capacity 10736K, committed 11008K, reserved 1058816K
  class space    used 1122K, capacity 1188K, committed 1280K, reserved 1048576K
Event: 314.022 GC heap after
Heap after GC invocations=7 (full 2):
 PSYoungGen      total 118272K, used 64K [0x00000000d5e00000, 0x00000000e6a80000, 0x0000000100000000)
  eden space 113152K, 0% used [0x00000000d5e00000,0x00000000d5e00000,0x00000000dcc80000)
  from space 5120K, 1% used [0x00000000dcc80000,0x00000000dcc90000,0x00000000dd180000)
  to   space 34304K, 0% used [0x00000000e4900000,0x00000000e4900000,0x00000000e6a80000)
 ParOldGen       total 187392K, used 80596K [0x0000000081a00000, 0x000000008d100000, 0x00000000d5e00000)
  object space 187392K, 43% used [0x0000000081a00000,0x00000000868b51d8,0x000000008d100000)
 Metaspace       used 10539K, capacity 10736K, committed 11008K, reserved 1058816K
  class space    used 1122K, capacity 1188K, committed 1280K, reserved 1048576K
}
Event: 460.743 GC heap before
{Heap before GC invocations=8 (full 2):
 PSYoungGen      total 118272K, used 113216K [0x00000000d5e00000, 0x00000000e6a80000, 0x0000000100000000)
  eden space 113152K, 100% used [0x00000000d5e00000,0x00000000dcc80000,0x00000000dcc80000)
  from space 5120K, 1% used [0x00000000dcc80000,0x00000000dcc90000,0x00000000dd180000)
  to   space 34304K, 0% used [0x00000000e4900000,0x00000000e4900000,0x00000000e6a80000)
 ParOldGen       total 187392K, used 80596K [0x0000000081a00000, 0x000000008d100000, 0x00000000d5e00000)
  object space 187392K, 43% used [0x0000000081a00000,0x00000000868b51d8,0x000000008d100000)
 Metaspace       used 10539K, capacity 10736K, committed 11008K, reserved 1058816K
  class space    used 1122K, capacity 1188K, committed 1280K, reserved 1048576K
Event: 460.744 GC heap after
Heap after GC invocations=8 (full 2):
 PSYoungGen      total 226304K, used 96K [0x00000000d5e00000, 0x00000000e6180000, 0x0000000100000000)
  eden space 201216K, 0% used [0x00000000d5e00000,0x00000000d5e00000,0x00000000e2280000)
  from space 25088K, 0% used [0x00000000e4900000,0x00000000e4918000,0x00000000e6180000)
  to   space 32256K, 0% used [0x00000000e2280000,0x00000000e2280000,0x00000000e4200000)
 ParOldGen       total 187392K, used 80596K [0x0000000081a00000, 0x000000008d100000, 0x00000000d5e00000)
  object space 187392K, 43% used [0x0000000081a00000,0x00000000868b51d8,0x000000008d100000)
 Metaspace       used 10539K, capacity 10736K, committed 11008K, reserved 1058816K
  class space    used 1122K, capacity 1188K, committed 1280K, reserved 1048576K
}
Event: 761.025 GC heap before
{Heap before GC invocations=9 (full 2):
 PSYoungGen      total 226304K, used 201312K [0x00000000d5e00000, 0x00000000e6180000, 0x0000000100000000)
  eden space 201216K, 100% used [0x00000000d5e00000,0x00000000e2280000,0x00000000e2280000)
  from space 25088K, 0% used [0x00000000e4900000,0x00000000e4918000,0x00000000e6180000)
  to   space 32256K, 0% used [0x00000000e2280000,0x00000000e2280000,0x00000000e4200000)
 ParOldGen       total 187392K, used 80596K [0x0000000081a00000, 0x000000008d100000, 0x00000000d5e00000)
  object space 187392K, 43% used [0x0000000081a00000,0x00000000868b51d8,0x000000008d100000)
 Metaspace       used 10539K, capacity 10736K, committed 11008K, reserved 1058816K
  class space    used 1122K, capacity 1188K, committed 1280K, reserved 1048576K
Event: 761.027 GC heap after
Heap after GC invocations=9 (full 2):
 PSYoungGen      total 233472K, used 96K [0x00000000d5e00000, 0x00000000eeb00000, 0x0000000100000000)
  eden space 201216K, 0% used [0x00000000d5e00000,0x00000000d5e00000,0x00000000e2280000)
  from space 32256K, 0% used [0x00000000e2280000,0x00000000e2298000,0x00000000e4200000)
  to   space 30208K, 0% used [0x00000000ecd80000,0x00000000ecd80000,0x00000000eeb00000)
 ParOldGen       total 187392K, used 80596K [0x0000000081a00000, 0x000000008d100000, 0x00000000d5e00000)
  object space 187392K, 43% used [0x0000000081a00000,0x00000000868b51d8,0x000000008d100000)
 Metaspace       used 10539K, capacity 10736K, committed 11008K, reserved 1058816K
  class space    used 1122K, capacity 1188K, committed 1280K, reserved 1048576K
}

