# JRE version: Java(TM) SE Runtime Environment (8.0_102-b14) (build 1.8.0_102-b14)
# Java VM: Java HotSpot(TM) 64-Bit Server VM (25.102-b14 mixed mode windows-amd64 compressed oops)
Heap:
 PSYoungGen      total 71680K, used 8701K [0x00000000d5e00000, 0x00000000de580000, 0x0000000100000000)
  eden space 66560K, 5% used [0x00000000d5e00000,0x00000000d6182bf8,0x00000000d9f00000)
  from space 5120K, 99% used [0x00000000d9f00000,0x00000000da3fc820,0x00000000da400000)
  to   space 5120K, 0% used [0x00000000de080000,0x00000000de080000,0x00000000de580000)
 ParOldGen       total 128000K, used 79645K [0x0000000081a00000, 0x0000000089700000, 0x00000000d5e00000)
  object space 128000K, 62% used [0x0000000081a00000,0x00000000867c7580,0x0000000089700000)
 Metaspace       used 10750K, capacity 10944K, committed 11264K, reserved 1058816K
  class space    used 1164K, capacity 1256K, committed 1280K, reserved 1048576K
GC Heap History (8 events):
Event: 1.091 GC heap before
{Heap before GC invocations=1 (full 0):
 PSYoungGen      total 38400K, used 27535K [0x00000000d5e00000, 0x00000000d8880000, 0x0000000100000000)
  eden space 33280K, 82% used [0x00000000d5e00000,0x00000000d78e3ed8,0x00000000d7e80000)
  from space 5120K, 0% used [0x00000000d8380000,0x00000000d8380000,0x00000000d8880000)
  to   space 5120K, 0% used [0x00000000d7e80000,0x00000000d7e80000,0x00000000d8380000)
 ParOldGen       total 87552K, used 0K [0x0000000081a00000, 0x0000000086f80000, 0x00000000d5e00000)
  object space 87552K, 0% used [0x0000000081a00000,0x0000000081a00000,0x0000000086f80000)
 Metaspace       used 10072K, capacity 10216K, committed 10496K, reserved 1058816K
  class space    used 1096K, capacity 1188K, committed 1280K, reserved 1048576K
Event: 1.107 GC heap after
Heap after GC invocations=1 (full 0):
 PSYoungGen      total 38400K, used 2422K [0x00000000d5e00000, 0x00000000da900000, 0x0000000100000000)
  eden space 33280K, 0% used [0x00000000d5e00000,0x00000000d5e00000,0x00000000d7e80000)
  from space 5120K, 47% used [0x00000000d7e80000,0x00000000d80dd860,0x00000000d8380000)
  to   space 5120K, 0% used [0x00000000da400000,0x00000000da400000,0x00000000da900000)
 ParOldGen       total 87552K, used 40508K [0x0000000081a00000, 0x0000000086f80000, 0x00000000d5e00000)
  object space 87552K, 46% used [0x0000000081a00000,0x000000008418f050,0x0000000086f80000)
 Metaspace       used 10072K, capacity 10216K, committed 10496K, reserved 1058816K
  class space    used 1096K, capacity 1188K, committed 1280K, reserved 1048576K
}
Event: 1.111 GC heap before
{Heap before GC invocations=2 (full 0):
 PSYoungGen      total 38400K, used 35179K [0x00000000d5e00000, 0x00000000da900000, 0x0000000100000000)
  eden space 33280K, 98% used [0x00000000d5e00000,0x00000000d7dfd700,0x00000000d7e80000)
  from space 5120K, 47% used [0x00000000d7e80000,0x00000000d80dd860,0x00000000d8380000)
  to   space 5120K, 0% used [0x00000000da400000,0x00000000da400000,0x00000000da900000)
 ParOldGen       total 87552K, used 40508K [0x0000000081a00000, 0x0000000086f80000, 0x00000000d5e00000)
  object space 87552K, 46% used [0x0000000081a00000,0x000000008418f050,0x0000000086f80000)
 Metaspace       used 10074K, capacity 10216K, committed 10496K, reserved 1058816K
  class space    used 1096K, capacity 1188K, committed 1280K, reserved 1048576K
Event: 1.122 GC heap after
Heap after GC invocations=2 (full 0):
 PSYoungGen      total 71680K, used 4829K [0x00000000d5e00000, 0x00000000da900000, 0x0000000100000000)
  eden space 66560K, 0% used [0x00000000d5e00000,0x00000000d5e00000,0x00000000d9f00000)
  from space 5120K, 94% used [0x00000000da400000,0x00000000da8b7690,0x00000000da900000)
  to   space 5120K, 0% used [0x00000000d9f00000,0x00000000d9f00000,0x00000000da400000)
 ParOldGen       total 87552K, used 68537K [0x0000000081a00000, 0x0000000086f80000, 0x00000000d5e00000)
  object space 87552K, 78% used [0x0000000081a00000,0x0000000085cee4b0,0x0000000086f80000)
 Metaspace       used 10074K, capacity 10216K, committed 10496K, reserved 1058816K
  class space    used 1096K, capacity 1188K, committed 1280K, reserved 1048576K
}
Event: 1.122 GC heap before
{Heap before GC invocations=3 (full 1):
 PSYoungGen      total 71680K, used 4829K [0x00000000d5e00000, 0x00000000da900000, 0x0000000100000000)
  eden space 66560K, 0% used [0x00000000d5e00000,0x00000000d5e00000,0x00000000d9f00000)
  from space 5120K, 94% used [0x00000000da400000,0x00000000da8b7690,0x00000000da900000)
  to   space 5120K, 0% used [0x00000000d9f00000,0x00000000d9f00000,0x00000000da400000)
 ParOldGen       total 87552K, used 68537K [0x0000000081a00000, 0x0000000086f80000, 0x00000000d5e00000)
  object space 87552K, 78% used [0x0000000081a00000,0x0000000085cee4b0,0x0000000086f80000)
 Metaspace       used 10074K, capacity 10216K, committed 10496K, reserved 1058816K
  class space    used 1096K, capacity 1188K, committed 1280K, reserved 1048576K
Event: 1.143 GC heap after
Heap after GC invocations=3 (full 1):
 PSYoungGen      total 71680K, used 0K [0x00000000d5e00000, 0x00000000da900000, 0x0000000100000000)
  eden space 66560K, 0% used [0x00000000d5e00000,0x00000000d5e00000,0x00000000d9f00000)
  from space 5120K, 0% used [0x00000000da400000,0x00000000da400000,0x00000000da900000)
  to   space 5120K, 0% used [0x00000000d9f00000,0x00000000d9f00000,0x00000000da400000)
 ParOldGen       total 128000K, used 48996K [0x0000000081a00000, 0x0000000089700000, 0x00000000d5e00000)
  object space 128000K, 38% used [0x0000000081a00000,0x00000000849d91d8,0x0000000089700000)
 Metaspace       used 10074K, capacity 10216K, committed 10496K, reserved 1058816K
  class space    used 1096K, capacity 1188K, committed 1280K, reserved 1048576K
}
Event: 55.634 GC heap before
{Heap before GC invocations=4 (full 1):
 PSYoungGen      total 71680K, used 66560K [0x00000000d5e00000, 0x00000000da900000, 0x0000000100000000)
  eden space 66560K, 100% used [0x00000000d5e00000,0x00000000d9f00000,0x00000000d9f00000)
  from space 5120K, 0% used [0x00000000da400000,0x00000000da400000,0x00000000da900000)
  to   space 5120K, 0% used [0x00000000d9f00000,0x00000000d9f00000,0x00000000da400000)
 ParOldGen       total 128000K, used 48996K [0x0000000081a00000, 0x0000000089700000, 0x00000000d5e00000)
  object space 128000K, 38% used [0x0000000081a00000,0x00000000849d91d8,0x0000000089700000)
 Metaspace       used 10580K, capacity 10778K, committed 11008K, reserved 1058816K
  class space    used 1138K, capacity 1223K, committed 1280K, reserved 1048576K
Event: 55.645 GC heap after
Heap after GC invocations=4 (full 1):
 PSYoungGen      total 71680K, used 5106K [0x00000000d5e00000, 0x00000000de580000, 0x0000000100000000)
  eden space 66560K, 0% used [0x00000000d5e00000,0x00000000d5e00000,0x00000000d9f00000)
  from space 5120K, 99% used [0x00000000d9f00000,0x00000000da3fc820,0x00000000da400000)
  to   space 5120K, 0% used [0x00000000de080000,0x00000000de080000,0x00000000de580000)
 ParOldGen       total 128000K, used 79645K [0x0000000081a00000, 0x0000000089700000, 0x00000000d5e00000)
  object space 128000K, 62% used [0x0000000081a00000,0x00000000867c7580,0x0000000089700000)
 Metaspace       used 10580K, capacity 10778K, committed 11008K, reserved 1058816K
  class space    used 1138K, capacity 1223K, committed 1280K, reserved 1048576K
}

