# JRE version: Java(TM) SE Runtime Environment (8.0_102-b14) (build 1.8.0_102-b14)
# Java VM: Java HotSpot(TM) 64-Bit Server VM (25.102-b14 mixed mode windows-amd64 compressed oops)
Heap:
 PSYoungGen      total 151552K, used 94256K [0x00000000d5e00000, 0x00000000f1c80000, 0x0000000100000000)
  eden space 147968K, 63% used [0x00000000d5e00000,0x00000000db9f4368,0x00000000dee80000)
  from space 3584K, 2% used [0x00000000f1580000,0x00000000f1598000,0x00000000f1900000)
  to   space 3584K, 0% used [0x00000000f1900000,0x00000000f1900000,0x00000000f1c80000)
 ParOldGen       total 128512K, used 80773K [0x0000000081a00000, 0x0000000089780000, 0x00000000d5e00000)
  object space 128512K, 62% used [0x0000000081a00000,0x00000000868e1740,0x0000000089780000)
 Metaspace       used 10757K, capacity 10998K, committed 11264K, reserved 1058816K
  class space    used 1159K, capacity 1253K, committed 1280K, reserved 1048576K
GC Heap History (10 events):
Event: 18283.561 GC heap before
{Heap before GC invocations=42 (full 1):
 PSYoungGen      total 181760K, used 181312K [0x00000000d5e00000, 0x00000000f2400000, 0x0000000100000000)
  eden space 181248K, 100% used [0x00000000d5e00000,0x00000000e0f00000,0x00000000e0f00000)
  from space 512K, 12% used [0x00000000f2380000,0x00000000f2390000,0x00000000f2400000)
  to   space 5120K, 0% used [0x00000000f1a00000,0x00000000f1a00000,0x00000000f1f00000)
 ParOldGen       total 128512K, used 80749K [0x0000000081a00000, 0x0000000089780000, 0x00000000d5e00000)
  object space 128512K, 62% used [0x0000000081a00000,0x00000000868db740,0x0000000089780000)
 Metaspace       used 10559K, capacity 10736K, committed 11008K, reserved 1058816K
  class space    used 1122K, capacity 1188K, committed 1280K, reserved 1048576K
Event: 18283.562 GC heap after
Heap after GC invocations=42 (full 1):
 PSYoungGen      total 179200K, used 64K [0x00000000d5e00000, 0x00000000f2400000, 0x0000000100000000)
  eden space 174080K, 0% used [0x00000000d5e00000,0x00000000d5e00000,0x00000000e0800000)
  from space 5120K, 1% used [0x00000000f1a00000,0x00000000f1a10000,0x00000000f1f00000)
  to   space 4608K, 0% used [0x00000000f1f80000,0x00000000f1f80000,0x00000000f2400000)
 ParOldGen       total 128512K, used 80749K [0x0000000081a00000, 0x0000000089780000, 0x00000000d5e00000)
  object space 128512K, 62% used [0x0000000081a00000,0x00000000868db740,0x0000000089780000)
 Metaspace       used 10559K, capacity 10736K, committed 11008K, reserved 1058816K
  class space    used 1122K, capacity 1188K, committed 1280K, reserved 1048576K
}
Event: 18559.637 GC heap before
{Heap before GC invocations=43 (full 1):
 PSYoungGen      total 179200K, used 174144K [0x00000000d5e00000, 0x00000000f2400000, 0x0000000100000000)
  eden space 174080K, 100% used [0x00000000d5e00000,0x00000000e0800000,0x00000000e0800000)
  from space 5120K, 1% used [0x00000000f1a00000,0x00000000f1a10000,0x00000000f1f00000)
  to   space 4608K, 0% used [0x00000000f1f80000,0x00000000f1f80000,0x00000000f2400000)
 ParOldGen       total 128512K, used 80749K [0x0000000081a00000, 0x0000000089780000, 0x00000000d5e00000)
  object space 128512K, 62% used [0x0000000081a00000,0x00000000868db740,0x0000000089780000)
 Metaspace       used 10559K, capacity 10736K, committed 11008K, reserved 1058816K
  class space    used 1122K, capacity 1188K, committed 1280K, reserved 1048576K
Event: 18559.639 GC heap after
Heap after GC invocations=43 (full 1):
 PSYoungGen      total 167424K, used 128K [0x00000000d5e00000, 0x00000000f2000000, 0x0000000100000000)
  eden space 166912K, 0% used [0x00000000d5e00000,0x00000000d5e00000,0x00000000e0100000)
  from space 512K, 25% used [0x00000000f1f80000,0x00000000f1fa0000,0x00000000f2000000)
  to   space 4608K, 0% used [0x00000000f1700000,0x00000000f1700000,0x00000000f1b80000)
 ParOldGen       total 128512K, used 80757K [0x0000000081a00000, 0x0000000089780000, 0x00000000d5e00000)
  object space 128512K, 62% used [0x0000000081a00000,0x00000000868dd740,0x0000000089780000)
 Metaspace       used 10559K, capacity 10736K, committed 11008K, reserved 1058816K
  class space    used 1122K, capacity 1188K, committed 1280K, reserved 1048576K
}
Event: 18818.785 GC heap before
{Heap before GC invocations=44 (full 1):
 PSYoungGen      total 167424K, used 167040K [0x00000000d5e00000, 0x00000000f2000000, 0x0000000100000000)
  eden space 166912K, 100% used [0x00000000d5e00000,0x00000000e0100000,0x00000000e0100000)
  from space 512K, 25% used [0x00000000f1f80000,0x00000000f1fa0000,0x00000000f2000000)
  to   space 4608K, 0% used [0x00000000f1700000,0x00000000f1700000,0x00000000f1b80000)
 ParOldGen       total 128512K, used 80757K [0x0000000081a00000, 0x0000000089780000, 0x00000000d5e00000)
  object space 128512K, 62% used [0x0000000081a00000,0x00000000868dd740,0x0000000089780000)
 Metaspace       used 10559K, capacity 10736K, committed 11008K, reserved 1058816K
  class space    used 1122K, capacity 1188K, committed 1280K, reserved 1048576K
Event: 18818.786 GC heap after
Heap after GC invocations=44 (full 1):
 PSYoungGen      total 164864K, used 96K [0x00000000d5e00000, 0x00000000f2000000, 0x0000000100000000)
  eden space 160256K, 0% used [0x00000000d5e00000,0x00000000d5e00000,0x00000000dfa80000)
  from space 4608K, 2% used [0x00000000f1700000,0x00000000f1718000,0x00000000f1b80000)
  to   space 4096K, 0% used [0x00000000f1c00000,0x00000000f1c00000,0x00000000f2000000)
 ParOldGen       total 128512K, used 80773K [0x0000000081a00000, 0x0000000089780000, 0x00000000d5e00000)
  object space 128512K, 62% used [0x0000000081a00000,0x00000000868e1740,0x0000000089780000)
 Metaspace       used 10559K, capacity 10736K, committed 11008K, reserved 1058816K
  class space    used 1122K, capacity 1188K, committed 1280K, reserved 1048576K
}
Event: 19115.049 GC heap before
{Heap before GC invocations=45 (full 1):
 PSYoungGen      total 164864K, used 160352K [0x00000000d5e00000, 0x00000000f2000000, 0x0000000100000000)
  eden space 160256K, 100% used [0x00000000d5e00000,0x00000000dfa80000,0x00000000dfa80000)
  from space 4608K, 2% used [0x00000000f1700000,0x00000000f1718000,0x00000000f1b80000)
  to   space 4096K, 0% used [0x00000000f1c00000,0x00000000f1c00000,0x00000000f2000000)
 ParOldGen       total 128512K, used 80773K [0x0000000081a00000, 0x0000000089780000, 0x00000000d5e00000)
  object space 128512K, 62% used [0x0000000081a00000,0x00000000868e1740,0x0000000089780000)
 Metaspace       used 10559K, capacity 10736K, committed 11008K, reserved 1058816K
  class space    used 1122K, capacity 1188K, committed 1280K, reserved 1048576K
Event: 19115.051 GC heap after
Heap after GC invocations=45 (full 1):
 PSYoungGen      total 154624K, used 64K [0x00000000d5e00000, 0x00000000f1c80000, 0x0000000100000000)
  eden space 154112K, 0% used [0x00000000d5e00000,0x00000000d5e00000,0x00000000df480000)
  from space 512K, 12% used [0x00000000f1c00000,0x00000000f1c10000,0x00000000f1c80000)
  to   space 3584K, 0% used [0x00000000f1580000,0x00000000f1580000,0x00000000f1900000)
 ParOldGen       total 128512K, used 80773K [0x0000000081a00000, 0x0000000089780000, 0x00000000d5e00000)
  object space 128512K, 62% used [0x0000000081a00000,0x00000000868e1740,0x0000000089780000)
 Metaspace       used 10559K, capacity 10736K, committed 11008K, reserved 1058816K
  class space    used 1122K, capacity 1188K, committed 1280K, reserved 1048576K
}
Event: 19405.379 GC heap before
{Heap before GC invocations=46 (full 1):
 PSYoungGen      total 154624K, used 154176K [0x00000000d5e00000, 0x00000000f1c80000, 0x0000000100000000)
  eden space 154112K, 100% used [0x00000000d5e00000,0x00000000df480000,0x00000000df480000)
  from space 512K, 12% used [0x00000000f1c00000,0x00000000f1c10000,0x00000000f1c80000)
  to   space 3584K, 0% used [0x00000000f1580000,0x00000000f1580000,0x00000000f1900000)
 ParOldGen       total 128512K, used 80773K [0x0000000081a00000, 0x0000000089780000, 0x00000000d5e00000)
  object space 128512K, 62% used [0x0000000081a00000,0x00000000868e1740,0x0000000089780000)
 Metaspace       used 10559K, capacity 10736K, committed 11008K, reserved 1058816K
  class space    used 1122K, capacity 1188K, committed 1280K, reserved 1048576K
Event: 19405.380 GC heap after
Heap after GC invocations=46 (full 1):
 PSYoungGen      total 151552K, used 96K [0x00000000d5e00000, 0x00000000f1c80000, 0x0000000100000000)
  eden space 147968K, 0% used [0x00000000d5e00000,0x00000000d5e00000,0x00000000dee80000)
  from space 3584K, 2% used [0x00000000f1580000,0x00000000f1598000,0x00000000f1900000)
  to   space 3584K, 0% used [0x00000000f1900000,0x00000000f1900000,0x00000000f1c80000)
 ParOldGen       total 128512K, used 80773K [0x0000000081a00000, 0x0000000089780000, 0x00000000d5e00000)
  object space 128512K, 62% used [0x0000000081a00000,0x00000000868e1740,0x0000000089780000)
 Metaspace       used 10559K, capacity 10736K, committed 11008K, reserved 1058816K
  class space    used 1122K, capacity 1188K, committed 1280K, reserved 1048576K
}

