# JRE version: Java(TM) SE Runtime Environment (8.0_102-b14) (build 1.8.0_102-b14)
# Java VM: Java HotSpot(TM) 64-Bit Server VM (25.102-b14 mixed mode windows-amd64 compressed oops)
Heap:
 PSYoungGen      total 404992K, used 32607K [0x00000000d5e00000, 0x00000000f8600000, 0x0000000100000000)
  eden space 352768K, 9% used [0x00000000d5e00000,0x00000000d7dcfe18,0x00000000eb680000)
  from space 52224K, 0% used [0x00000000eb680000,0x00000000eb688000,0x00000000ee980000)
  to   space 50176K, 0% used [0x00000000f5500000,0x00000000f5500000,0x00000000f8600000)
 ParOldGen       total 187392K, used 93567K [0x0000000081a00000, 0x000000008d100000, 0x00000000d5e00000)
  object space 187392K, 49% used [0x0000000081a00000,0x000000008755fce8,0x000000008d100000)
 Metaspace       used 11112K, capacity 11316K, committed 11520K, reserved 1058816K
  class space    used 1188K, capacity 1256K, committed 1280K, reserved 1048576K
GC Heap History (10 events):
Event: 2.586 GC heap before
{Heap before GC invocations=7 (full 2):
 PSYoungGen      total 131584K, used 126172K [0x00000000d5e00000, 0x00000000de500000, 0x0000000100000000)
  eden space 126464K, 99% used [0x00000000d5e00000,0x00000000dd937368,0x00000000dd980000)
  from space 5120K, 0% used [0x00000000de000000,0x00000000de000000,0x00000000de500000)
  to   space 5120K, 0% used [0x00000000ddb00000,0x00000000ddb00000,0x00000000de000000)
 ParOldGen       total 187392K, used 93535K [0x0000000081a00000, 0x000000008d100000, 0x00000000d5e00000)
  object space 187392K, 49% used [0x0000000081a00000,0x0000000087557ce8,0x000000008d100000)
 Metaspace       used 10978K, capacity 11188K, committed 11264K, reserved 1058816K
  class space    used 1187K, capacity 1256K, committed 1280K, reserved 1048576K
Event: 2.587 GC heap after
Heap after GC invocations=7 (full 2):
 PSYoungGen      total 133120K, used 64K [0x00000000d5e00000, 0x00000000eac80000, 0x0000000100000000)
  eden space 128000K, 0% used [0x00000000d5e00000,0x00000000d5e00000,0x00000000ddb00000)
  from space 5120K, 1% used [0x00000000ddb00000,0x00000000ddb10000,0x00000000de000000)
  to   space 58880K, 0% used [0x00000000e7300000,0x00000000e7300000,0x00000000eac80000)
 ParOldGen       total 187392K, used 93543K [0x0000000081a00000, 0x000000008d100000, 0x00000000d5e00000)
  object space 187392K, 49% used [0x0000000081a00000,0x0000000087559ce8,0x000000008d100000)
 Metaspace       used 10978K, capacity 11188K, committed 11264K, reserved 1058816K
  class space    used 1187K, capacity 1256K, committed 1280K, reserved 1048576K
}
Event: 3.055 GC heap before
{Heap before GC invocations=8 (full 2):
 PSYoungGen      total 133120K, used 123861K [0x00000000d5e00000, 0x00000000eac80000, 0x0000000100000000)
  eden space 128000K, 96% used [0x00000000d5e00000,0x00000000dd6e5468,0x00000000ddb00000)
  from space 5120K, 1% used [0x00000000ddb00000,0x00000000ddb10000,0x00000000de000000)
  to   space 58880K, 0% used [0x00000000e7300000,0x00000000e7300000,0x00000000eac80000)
 ParOldGen       total 187392K, used 93543K [0x0000000081a00000, 0x000000008d100000, 0x00000000d5e00000)
  object space 187392K, 49% used [0x0000000081a00000,0x0000000087559ce8,0x000000008d100000)
 Metaspace       used 10984K, capacity 11188K, committed 11264K, reserved 1058816K
  class space    used 1187K, capacity 1256K, committed 1280K, reserved 1048576K
Event: 3.057 GC heap after
Heap after GC invocations=8 (full 2):
 PSYoungGen      total 271360K, used 64K [0x00000000d5e00000, 0x00000000ea480000, 0x0000000100000000)
  eden space 220672K, 0% used [0x00000000d5e00000,0x00000000d5e00000,0x00000000e3580000)
  from space 50688K, 0% used [0x00000000e7300000,0x00000000e7310000,0x00000000ea480000)
  to   space 56832K, 0% used [0x00000000e3580000,0x00000000e3580000,0x00000000e6d00000)
 ParOldGen       total 187392K, used 93543K [0x0000000081a00000, 0x000000008d100000, 0x00000000d5e00000)
  object space 187392K, 49% used [0x0000000081a00000,0x0000000087559ce8,0x000000008d100000)
 Metaspace       used 10984K, capacity 11188K, committed 11264K, reserved 1058816K
  class space    used 1187K, capacity 1256K, committed 1280K, reserved 1048576K
}
Event: 3.904 GC heap before
{Heap before GC invocations=9 (full 2):
 PSYoungGen      total 271360K, used 215360K [0x00000000d5e00000, 0x00000000ea480000, 0x0000000100000000)
  eden space 220672K, 97% used [0x00000000d5e00000,0x00000000e3040320,0x00000000e3580000)
  from space 50688K, 0% used [0x00000000e7300000,0x00000000e7310000,0x00000000ea480000)
  to   space 56832K, 0% used [0x00000000e3580000,0x00000000e3580000,0x00000000e6d00000)
 ParOldGen       total 187392K, used 93543K [0x0000000081a00000, 0x000000008d100000, 0x00000000d5e00000)
  object space 187392K, 49% used [0x0000000081a00000,0x0000000087559ce8,0x000000008d100000)
 Metaspace       used 11021K, capacity 11252K, committed 11520K, reserved 1058816K
  class space    used 1187K, capacity 1256K, committed 1280K, reserved 1048576K
Event: 3.905 GC heap after
Heap after GC invocations=9 (full 2):
 PSYoungGen      total 277504K, used 64K [0x00000000d5e00000, 0x00000000f2f80000, 0x0000000100000000)
  eden space 220672K, 0% used [0x00000000d5e00000,0x00000000d5e00000,0x00000000e3580000)
  from space 56832K, 0% used [0x00000000e3580000,0x00000000e3590000,0x00000000e6d00000)
  to   space 54784K, 0% used [0x00000000efa00000,0x00000000efa00000,0x00000000f2f80000)
 ParOldGen       total 187392K, used 93551K [0x0000000081a00000, 0x000000008d100000, 0x00000000d5e00000)
  object space 187392K, 49% used [0x0000000081a00000,0x000000008755bce8,0x000000008d100000)
 Metaspace       used 11021K, capacity 11252K, committed 11520K, reserved 1058816K
  class space    used 1187K, capacity 1256K, committed 1280K, reserved 1048576K
}
Event: 4.705 GC heap before
{Heap before GC invocations=10 (full 2):
 PSYoungGen      total 277504K, used 217449K [0x00000000d5e00000, 0x00000000f2f80000, 0x0000000100000000)
  eden space 220672K, 98% used [0x00000000d5e00000,0x00000000e324a6f0,0x00000000e3580000)
  from space 56832K, 0% used [0x00000000e3580000,0x00000000e3590000,0x00000000e6d00000)
  to   space 54784K, 0% used [0x00000000efa00000,0x00000000efa00000,0x00000000f2f80000)
 ParOldGen       total 187392K, used 93551K [0x0000000081a00000, 0x000000008d100000, 0x00000000d5e00000)
  object space 187392K, 49% used [0x0000000081a00000,0x000000008755bce8,0x000000008d100000)
 Metaspace       used 11042K, capacity 11252K, committed 11520K, reserved 1058816K
  class space    used 1187K, capacity 1256K, committed 1280K, reserved 1048576K
Event: 4.706 GC heap after
Heap after GC invocations=10 (full 2):
 PSYoungGen      total 388096K, used 64K [0x00000000d5e00000, 0x00000000f1c80000, 0x0000000100000000)
  eden space 352768K, 0% used [0x00000000d5e00000,0x00000000d5e00000,0x00000000eb680000)
  from space 35328K, 0% used [0x00000000efa00000,0x00000000efa10000,0x00000000f1c80000)
  to   space 52224K, 0% used [0x00000000eb680000,0x00000000eb680000,0x00000000ee980000)
 ParOldGen       total 187392K, used 93559K [0x0000000081a00000, 0x000000008d100000, 0x00000000d5e00000)
  object space 187392K, 49% used [0x0000000081a00000,0x000000008755dce8,0x000000008d100000)
 Metaspace       used 11042K, capacity 11252K, committed 11520K, reserved 1058816K
  class space    used 1187K, capacity 1256K, committed 1280K, reserved 1048576K
}
Event: 6.076 GC heap before
{Heap before GC invocations=11 (full 2):
 PSYoungGen      total 388096K, used 349708K [0x00000000d5e00000, 0x00000000f1c80000, 0x0000000100000000)
  eden space 352768K, 99% used [0x00000000d5e00000,0x00000000eb3730d8,0x00000000eb680000)
  from space 35328K, 0% used [0x00000000efa00000,0x00000000efa10000,0x00000000f1c80000)
  to   space 52224K, 0% used [0x00000000eb680000,0x00000000eb680000,0x00000000ee980000)
 ParOldGen       total 187392K, used 93559K [0x0000000081a00000, 0x000000008d100000, 0x00000000d5e00000)
  object space 187392K, 49% used [0x0000000081a00000,0x000000008755dce8,0x000000008d100000)
 Metaspace       used 11107K, capacity 11316K, committed 11520K, reserved 1058816K
  class space    used 1187K, capacity 1256K, committed 1280K, reserved 1048576K
Event: 6.078 GC heap after
Heap after GC invocations=11 (full 2):
 PSYoungGen      total 404992K, used 32K [0x00000000d5e00000, 0x00000000f8600000, 0x0000000100000000)
  eden space 352768K, 0% used [0x00000000d5e00000,0x00000000d5e00000,0x00000000eb680000)
  from space 52224K, 0% used [0x00000000eb680000,0x00000000eb688000,0x00000000ee980000)
  to   space 50176K, 0% used [0x00000000f5500000,0x00000000f5500000,0x00000000f8600000)
 ParOldGen       total 187392K, used 93567K [0x0000000081a00000, 0x000000008d100000, 0x00000000d5e00000)
  object space 187392K, 49% used [0x0000000081a00000,0x000000008755fce8,0x000000008d100000)
 Metaspace       used 11107K, capacity 11316K, committed 11520K, reserved 1058816K
  class space    used 1187K, capacity 1256K, committed 1280K, reserved 1048576K
}

